[2018-01-05T10:24:07.895] [INFO] sunrunExt - 连接数据库成功。
[2018-01-05T10:34:49.550] [INFO] sunrunExt - 连接数据库成功。
[2018-01-05T10:36:00.835] [INFO] sunrunExt - 连接数据库成功。
[2018-01-05T10:38:31.932] [INFO] sunrunExt - 连接数据库成功。
[2018-01-05T10:44:53.660] [INFO] sunrunExt - 连接数据库成功。
[2018-01-05T10:45:21.234] [INFO] sunrunExt - 连接数据库成功。
[2018-01-05T10:46:09.394] [INFO] sunrunExt - 连接数据库成功。
[2018-01-05T10:46:56.238] [INFO] sunrunExt - 连接数据库成功。
[2018-01-05T10:49:44.078] [INFO] sunrunExt - 连接数据库成功。
[2018-01-05T10:55:47.200] [INFO] sunrunExt - 连接数据库成功。
[2018-01-05T10:56:14.417] [INFO] sunrunExt - 连接数据库成功。
[2018-01-05T10:56:49.588] [INFO] sunrunExt - 连接数据库成功。
[2018-01-05T10:57:17.649] [INFO] sunrunExt - 连接数据库成功。
[2018-01-05T11:17:26.076] [INFO] sunrunExt - url:/api/v1/orgs,method:GET,request by Anonymous User
[2018-01-05T11:17:26.077] [ERROR] sunrunExt - url:/api/v1/orgs,error:undefined
[2018-01-05T11:17:26.081] [ERROR] sunrunExt - url:/api/v1/orgs,method:GET,error:Invalid status code: undefined
[2018-01-05T11:17:26.084] [INFO] sunrunExt - ::1 - - "GET /api/v1/orgs HTTP/1.1" 500 51 "" "PostmanRuntime/7.1.1"
[2018-01-05T11:19:49.414] [INFO] sunrunExt - 连接数据库成功。
[2018-01-05T11:20:22.038] [INFO] sunrunExt - 连接数据库成功。
[2018-01-05T11:20:28.690] [INFO] sunrunExt - url:/api/v1/orgs,method:GET,request by Anonymous User
[2018-01-05T11:20:33.232] [INFO] sunrunExt - ::1 - - "GET /api/v1/orgs HTTP/1.1" 200 210 "" "PostmanRuntime/7.1.1"
[2018-01-05T11:20:53.134] [INFO] sunrunExt - url:/api/v1/orgs,method:GET,request by Anonymous User
[2018-01-05T11:21:33.466] [INFO] sunrunExt - ::1 - - "GET /api/v1/orgs HTTP/1.1" 200 210 "" "PostmanRuntime/7.1.1"
[2018-01-05T11:22:18.372] [INFO] sunrunExt - 连接数据库成功。
[2018-01-05T11:22:23.379] [INFO] sunrunExt - url:/api/v1/orgs,method:GET,request by Anonymous User
[2018-01-05T11:22:48.950] [INFO] sunrunExt - 连接数据库成功。
[2018-01-05T11:22:51.844] [INFO] sunrunExt - url:/api/v1/orgs,method:GET,request by Anonymous User
[2018-01-05T11:22:53.619] [INFO] sunrunExt - ::1 - - "GET /api/v1/orgs HTTP/1.1" 200 210 "" "PostmanRuntime/7.1.1"
[2018-01-05T11:23:23.087] [INFO] sunrunExt - url:/api/v1/orgs,method:GET,request by Anonymous User
[2018-01-05T11:23:43.134] [INFO] sunrunExt - 连接数据库成功。
[2018-01-05T11:23:55.853] [INFO] sunrunExt - 连接数据库成功。
[2018-01-05T11:24:05.484] [INFO] sunrunExt - 连接数据库成功。
[2018-01-05T11:24:06.202] [INFO] sunrunExt - url:/api/v1/orgs,method:GET,request by Anonymous User
[2018-01-05T11:24:06.975] [INFO] sunrunExt - ::1 - - "GET /api/v1/orgs HTTP/1.1" 200 210 "" "PostmanRuntime/7.1.1"
[2018-01-05T11:24:27.916] [INFO] sunrunExt - 连接数据库成功。
[2018-01-05T11:24:32.514] [INFO] sunrunExt - url:/api/v1/orgs,method:GET,request by Anonymous User
[2018-01-05T11:25:12.271] [INFO] sunrunExt - 连接数据库成功。
[2018-01-05T11:25:16.511] [INFO] sunrunExt - url:/api/v1/orgs,method:GET,request by Anonymous User
[2018-01-05T11:25:19.699] [INFO] sunrunExt - ::1 - - "GET /api/v1/orgs HTTP/1.1" 200 210 "" "PostmanRuntime/7.1.1"
[2018-01-05T11:25:56.115] [INFO] sunrunExt - url:/api/v1/orgs,method:GET,request by Anonymous User
[2018-01-05T11:25:59.789] [INFO] sunrunExt - ::1 - - "GET /api/v1/orgs HTTP/1.1" 200 210 "" "PostmanRuntime/7.1.1"
[2018-01-05T11:26:02.952] [INFO] sunrunExt - url:/api/v1/orgs,method:GET,request by Anonymous User
[2018-01-05T11:26:31.566] [INFO] sunrunExt - 连接数据库成功。
[2018-01-05T11:26:36.549] [INFO] sunrunExt - url:/api/v1/orgs,method:GET,request by Anonymous User
[2018-01-05T11:27:16.897] [INFO] sunrunExt - ::1 - - "GET /api/v1/orgs HTTP/1.1" 200 210 "" "PostmanRuntime/7.1.1"
[2018-01-05T11:27:41.291] [INFO] sunrunExt - 连接数据库成功。
[2018-01-05T11:27:46.845] [INFO] sunrunExt - url:/api/v1/orgs,method:GET,request by Anonymous User
[2018-01-05T11:27:50.343] [INFO] sunrunExt - ::1 - - "GET /api/v1/orgs HTTP/1.1" 200 210 "" "PostmanRuntime/7.1.1"
[2018-01-05T11:28:21.252] [INFO] sunrunExt - 连接数据库成功。
[2018-01-05T11:28:26.604] [INFO] sunrunExt - url:/api/v1/orgs,method:GET,request by Anonymous User
[2018-01-05T11:28:26.616] [INFO] sunrunExt - ::1 - - "GET /api/v1/orgs HTTP/1.1" 200 210 "" "PostmanRuntime/7.1.1"
[2018-01-05T11:31:29.267] [INFO] sunrunExt - 连接数据库成功。
[2018-01-05T11:31:32.930] [INFO] sunrunExt - url:/api/v1/orgs,method:GET,request by Anonymous User
[2018-01-05T11:31:32.942] [INFO] sunrunExt - ::1 - - "GET /api/v1/orgs HTTP/1.1" 200 54 "" "PostmanRuntime/7.1.1"
[2018-01-05T11:31:53.161] [INFO] sunrunExt - 连接数据库成功。
[2018-01-05T11:32:00.606] [INFO] sunrunExt - 连接数据库成功。
[2018-01-05T11:32:07.365] [INFO] sunrunExt - url:/api/v1/orgs,method:GET,request by Anonymous User
[2018-01-05T11:32:07.376] [INFO] sunrunExt - ::1 - - "GET /api/v1/orgs HTTP/1.1" 200 210 "" "PostmanRuntime/7.1.1"
[2018-01-05T11:32:35.370] [INFO] sunrunExt - 连接数据库成功。
[2018-01-05T11:32:37.500] [INFO] sunrunExt - url:/api/v1/orgs,method:GET,request by Anonymous User
[2018-01-05T11:32:37.512] [INFO] sunrunExt - ::1 - - "GET /api/v1/orgs HTTP/1.1" 200 215 "" "PostmanRuntime/7.1.1"
[2018-01-05T11:33:23.491] [INFO] sunrunExt - 连接数据库成功。
[2018-01-05T11:33:24.476] [INFO] sunrunExt - url:/api/v1/orgs,method:GET,request by Anonymous User
[2018-01-05T11:33:24.488] [INFO] sunrunExt - ::1 - - "GET /api/v1/orgs HTTP/1.1" 200 215 "" "PostmanRuntime/7.1.1"
[2018-01-05T11:34:17.587] [INFO] sunrunExt - 连接数据库成功。
[2018-01-05T11:34:28.024] [INFO] sunrunExt - url:/api/v1/orgs,method:GET,request by Anonymous User
[2018-01-05T11:34:28.031] [ERROR] sunrunExt - url:/api/v1/orgs,method:GET,error:Property description must be an object: 1111
[2018-01-05T11:34:28.036] [INFO] sunrunExt - ::1 - - "GET /api/v1/orgs HTTP/1.1" 500 65 "" "PostmanRuntime/7.1.1"
[2018-01-05T11:35:37.217] [INFO] sunrunExt - 连接数据库成功。
[2018-01-05T11:35:40.454] [INFO] sunrunExt - url:/api/v1/orgs,method:GET,request by Anonymous User
[2018-01-05T11:35:40.466] [INFO] sunrunExt - ::1 - - "GET /api/v1/orgs HTTP/1.1" 200 215 "" "PostmanRuntime/7.1.1"
[2018-01-05T11:36:14.627] [INFO] sunrunExt - 连接数据库成功。
[2018-01-05T11:36:17.189] [INFO] sunrunExt - url:/api/v1/orgs,method:GET,request by Anonymous User
[2018-01-05T11:38:29.292] [INFO] sunrunExt - 连接数据库成功。
[2018-01-05T11:38:32.610] [INFO] sunrunExt - url:/api/v1/orgs,method:GET,request by Anonymous User
[2018-01-05T11:38:35.406] [INFO] sunrunExt - ::1 - - "GET /api/v1/orgs HTTP/1.1" 200 69 "" "PostmanRuntime/7.1.1"
[2018-01-05T11:38:53.831] [INFO] sunrunExt - 连接数据库成功。
[2018-01-05T11:38:57.826] [INFO] sunrunExt - url:/api/v1/orgs,method:GET,request by Anonymous User
[2018-01-05T11:39:01.865] [INFO] sunrunExt - ::1 - - "GET /api/v1/orgs HTTP/1.1" 200 59 "" "PostmanRuntime/7.1.1"
[2018-01-05T11:39:09.397] [INFO] sunrunExt - 连接数据库成功。
[2018-01-05T11:39:11.192] [INFO] sunrunExt - url:/api/v1/orgs,method:GET,request by Anonymous User
[2018-01-05T11:39:12.419] [INFO] sunrunExt - ::1 - - "GET /api/v1/orgs HTTP/1.1" 200 210 "" "PostmanRuntime/7.1.1"
[2018-01-05T11:39:21.191] [INFO] sunrunExt - url:/api/v1/orgs,method:GET,request by Anonymous User
[2018-01-05T11:43:00.433] [INFO] sunrunExt - 连接数据库成功。
[2018-01-05T11:43:02.865] [INFO] sunrunExt - url:/api/v1/orgs,method:GET,request by Anonymous User
[2018-01-05T11:43:02.868] [ERROR] sunrunExt - url:/api/v1/orgs,method:GET,error:orgModel.findOne(...).toObject is not a function
[2018-01-05T11:43:02.874] [INFO] sunrunExt - ::1 - - "GET /api/v1/orgs HTTP/1.1" 500 69 "" "PostmanRuntime/7.1.1"
[2018-01-05T11:44:35.357] [INFO] sunrunExt - 连接数据库成功。
[2018-01-05T11:44:39.184] [INFO] sunrunExt - 连接数据库成功。
[2018-01-05T11:44:39.585] [INFO] sunrunExt - url:/api/v1/orgs,method:GET,request by Anonymous User
[2018-01-05T11:44:43.319] [INFO] sunrunExt - ::ffff:127.0.0.1 - - "GET /api/v1/orgs HTTP/1.1" 200 227 "" "PostmanRuntime/7.1.1"
[2018-01-05T11:45:33.888] [INFO] sunrunExt - 连接数据库成功。
[2018-01-05T11:45:39.196] [INFO] sunrunExt - url:/api/v1/orgs,method:GET,request by Anonymous User
[2018-01-05T11:45:40.853] [INFO] sunrunExt - ::1 - - "GET /api/v1/orgs HTTP/1.1" 200 4428 "" "PostmanRuntime/7.1.1"
[2018-01-05T11:46:08.195] [INFO] sunrunExt - 连接数据库成功。
[2018-01-05T11:46:10.454] [INFO] sunrunExt - url:/api/v1/orgs,method:GET,request by Anonymous User
[2018-01-05T11:46:12.370] [INFO] sunrunExt - ::1 - - "GET /api/v1/orgs HTTP/1.1" 200 34460 "" "PostmanRuntime/7.1.1"
[2018-01-05T11:46:27.575] [INFO] sunrunExt - url:/api/v1/orgs,method:GET,request by Anonymous User
[2018-01-05T11:46:27.647] [INFO] sunrunExt - ::1 - - "GET /api/v1/orgs HTTP/1.1" 200 34460 "" "PostmanRuntime/7.1.1"
[2018-01-05T11:46:28.490] [INFO] sunrunExt - url:/api/v1/orgs,method:GET,request by Anonymous User
[2018-01-05T11:46:28.563] [INFO] sunrunExt - ::1 - - "GET /api/v1/orgs HTTP/1.1" 200 34460 "" "PostmanRuntime/7.1.1"
[2018-01-05T13:51:56.136] [INFO] sunrunExt - 连接数据库成功。
[2018-01-05T13:51:58.333] [INFO] sunrunExt - url:/api/v1/orgs,method:GET,request by Anonymous User
[2018-01-05T13:51:58.408] [INFO] sunrunExt - ::1 - - "GET /api/v1/orgs HTTP/1.1" 200 20614 "" "PostmanRuntime/7.1.1"
[2018-01-05T14:25:56.410] [INFO] sunrunExt - url:/,method:GET,request by Anonymous User
[2018-01-05T14:25:56.415] [ERROR] sunrunExt - url:/,error:undefined
[2018-01-05T14:25:56.421] [ERROR] sunrunExt - url:/,method:GET,error:Invalid status code: undefined
[2018-01-05T14:25:56.430] [INFO] sunrunExt - ::ffff:192.168.2.40 - - "GET / HTTP/1.1" 500 51 "" "Mozilla/5.0 (Windows NT 6.1; Win64; x64) AppleWebKit/537.36 (KHTML, like Gecko) Chrome/63.0.3239.84 Safari/537.36"
[2018-01-05T14:26:01.475] [INFO] sunrunExt - url:/favicon.ico,method:GET,request by Anonymous User
[2018-01-05T14:26:01.479] [ERROR] sunrunExt - url:/favicon.ico,error:undefined
[2018-01-05T14:26:01.484] [ERROR] sunrunExt - url:/favicon.ico,method:GET,error:Invalid status code: undefined
[2018-01-05T14:26:01.490] [INFO] sunrunExt - ::ffff:192.168.2.40 - - "GET /favicon.ico HTTP/1.1" 500 51 "http://192.168.103.184:3000/" "Mozilla/5.0 (Windows NT 6.1; Win64; x64) AppleWebKit/537.36 (KHTML, like Gecko) Chrome/63.0.3239.84 Safari/537.36"
[2018-01-05T22:11:47.021] [INFO] sunrunExt - url:/org,method:GET,request by Anonymous User
[2018-01-05T22:11:47.030] [ERROR] sunrunExt - url:/org,error:undefined
[2018-01-05T22:11:47.034] [ERROR] sunrunExt - url:/org,method:GET,error:Invalid status code: undefined
[2018-01-05T22:11:47.038] [INFO] sunrunExt - ::ffff:192.168.103.184 - - "GET /org HTTP/1.1" 500 51 "http://localhost:8080/org" "Mozilla/5.0 (Windows NT 10.0; Win64; x64) AppleWebKit/537.36 (KHTML, like Gecko) Chrome/63.0.3239.84 Safari/537.36"
[2018-01-05T22:11:53.944] [INFO] sunrunExt - url:/org,method:GET,request by Anonymous User
[2018-01-05T22:11:53.945] [ERROR] sunrunExt - url:/org,error:undefined
[2018-01-05T22:11:53.946] [ERROR] sunrunExt - url:/org,method:GET,error:Invalid status code: undefined
[2018-01-05T22:11:53.947] [INFO] sunrunExt - ::ffff:192.168.103.184 - - "GET /org HTTP/1.1" 500 51 "http://localhost:8080/org" "Mozilla/5.0 (Windows NT 10.0; Win64; x64) AppleWebKit/537.36 (KHTML, like Gecko) Chrome/63.0.3239.84 Safari/537.36"
[2018-01-05T22:13:50.489] [INFO] sunrunExt - 连接数据库成功。
[2018-01-05T22:14:03.321] [INFO] sunrunExt - url:/org,method:GET,request by Anonymous User
[2018-01-05T22:14:03.322] [ERROR] sunrunExt - url:/org,error:undefined
[2018-01-05T22:14:03.325] [ERROR] sunrunExt - url:/org,method:GET,error:Invalid status code: undefined
[2018-01-05T22:14:03.328] [INFO] sunrunExt - ::ffff:192.168.103.184 - - "GET /org HTTP/1.1" 500 51 "http://localhost:8080/org" "Mozilla/5.0 (Linux; Android 6.0; Nexus 5 Build/MRA58N) AppleWebKit/537.36 (KHTML, like Gecko) Chrome/63.0.3239.84 Mobile Safari/537.36"
[2018-01-05T22:15:27.156] [INFO] sunrunExt - url:/api/v1/orgs,method:GET,request by Anonymous User
[2018-01-05T22:15:27.263] [INFO] sunrunExt - ::1 - - "GET /api/v1/orgs HTTP/1.1" 200 20611 "" "PostmanRuntime/7.1.1"
[2018-01-05T22:15:54.061] [INFO] sunrunExt - url:/api/v1/orgs,method:GET,request by Anonymous User
[2018-01-05T22:15:54.177] [INFO] sunrunExt - ::ffff:192.168.103.184 - - "GET /api/v1/orgs HTTP/1.1" 200 20611 "http://localhost:8080/org" "Mozilla/5.0 (Windows NT 10.0; Win64; x64) AppleWebKit/537.36 (KHTML, like Gecko) Chrome/63.0.3239.84 Safari/537.36"
[2018-01-05T22:16:50.130] [INFO] sunrunExt - 连接数据库成功。
[2018-01-05T22:17:52.735] [INFO] sunrunExt - 连接数据库成功。
[2018-01-05T22:18:59.506] [INFO] sunrunExt - url:/api/v1/orgs,method:GET,request by Anonymous User
[2018-01-05T22:18:59.596] [INFO] sunrunExt - ::ffff:192.168.103.184 - - "GET /api/v1/orgs HTTP/1.1" 200 20611 "http://localhost:8080/org" "Mozilla/5.0 (Linux; Android 6.0; Nexus 5 Build/MRA58N) AppleWebKit/537.36 (KHTML, like Gecko) Chrome/63.0.3239.84 Mobile Safari/537.36"
[2018-01-05T22:19:41.980] [INFO] sunrunExt - url:/api/v1/orgs,method:GET,request by Anonymous User
[2018-01-05T22:19:42.056] [INFO] sunrunExt - ::ffff:192.168.103.184 - - "GET /api/v1/orgs HTTP/1.1" 304 - "http://localhost:8080/org" "Mozilla/5.0 (Windows NT 10.0; Win64; x64) AppleWebKit/537.36 (KHTML, like Gecko) Chrome/63.0.3239.84 Safari/537.36"
[2018-01-05T22:21:48.283] [INFO] sunrunExt - url:/api/v1/orgs,method:GET,request by Anonymous User
[2018-01-05T22:21:48.369] [INFO] sunrunExt - ::ffff:192.168.103.184 - - "GET /api/v1/orgs HTTP/1.1" 304 - "http://localhost:8080/org" "Mozilla/5.0 (Windows NT 10.0; Win64; x64) AppleWebKit/537.36 (KHTML, like Gecko) Chrome/63.0.3239.84 Safari/537.36"
[2018-01-05T22:22:16.736] [INFO] sunrunExt - url:/api/v1/orgs,method:GET,request by Anonymous User
[2018-01-05T22:22:16.822] [INFO] sunrunExt - ::ffff:192.168.103.184 - - "GET /api/v1/orgs HTTP/1.1" 304 - "http://localhost:8080/org" "Mozilla/5.0 (Windows NT 10.0; Win64; x64) AppleWebKit/537.36 (KHTML, like Gecko) Chrome/63.0.3239.84 Safari/537.36"
[2018-01-05T22:22:57.195] [INFO] sunrunExt - url:/api/v1/orgs,method:GET,request by Anonymous User
[2018-01-05T22:22:57.259] [INFO] sunrunExt - ::ffff:192.168.103.184 - - "GET /api/v1/orgs HTTP/1.1" 304 - "http://localhost:8080/org" "Mozilla/5.0 (Windows NT 10.0; Win64; x64) AppleWebKit/537.36 (KHTML, like Gecko) Chrome/63.0.3239.84 Safari/537.36"
[2018-01-05T22:23:00.222] [INFO] sunrunExt - url:/api/v1/orgs,method:GET,request by Anonymous User
[2018-01-05T22:23:00.278] [INFO] sunrunExt - ::ffff:192.168.103.184 - - "GET /api/v1/orgs HTTP/1.1" 304 - "http://localhost:8080/org" "Mozilla/5.0 (Windows NT 10.0; Win64; x64) AppleWebKit/537.36 (KHTML, like Gecko) Chrome/63.0.3239.84 Safari/537.36"
[2018-01-05T22:23:40.139] [INFO] sunrunExt - url:/api/v1/orgs,method:GET,request by Anonymous User
[2018-01-05T22:23:40.206] [INFO] sunrunExt - ::ffff:192.168.103.184 - - "GET /api/v1/orgs HTTP/1.1" 304 - "http://localhost:8080/org" "Mozilla/5.0 (Windows NT 10.0; Win64; x64) AppleWebKit/537.36 (KHTML, like Gecko) Chrome/63.0.3239.84 Safari/537.36"
[2018-01-05T22:23:50.760] [INFO] sunrunExt - url:/api/v1/orgs,method:GET,request by Anonymous User
[2018-01-05T22:23:50.829] [INFO] sunrunExt - ::ffff:192.168.103.184 - - "GET /api/v1/orgs HTTP/1.1" 304 - "http://localhost:8080/org" "Mozilla/5.0 (Windows NT 10.0; Win64; x64) AppleWebKit/537.36 (KHTML, like Gecko) Chrome/63.0.3239.84 Safari/537.36"
[2018-01-05T22:24:00.534] [INFO] sunrunExt - url:/api/v1/orgs,method:GET,request by Anonymous User
[2018-01-05T22:24:00.602] [INFO] sunrunExt - ::ffff:192.168.103.184 - - "GET /api/v1/orgs HTTP/1.1" 200 20611 "http://localhost:8080/org" "Mozilla/5.0 (Linux; Android 6.0; Nexus 5 Build/MRA58N) AppleWebKit/537.36 (KHTML, like Gecko) Chrome/63.0.3239.84 Mobile Safari/537.36"
[2018-01-05T22:25:09.821] [INFO] sunrunExt - url:/api/v1/orgs,method:GET,request by Anonymous User
[2018-01-05T22:25:09.889] [INFO] sunrunExt - ::ffff:192.168.103.184 - - "GET /api/v1/orgs HTTP/1.1" 200 20611 "http://localhost:8080/org" "Mozilla/5.0 (Linux; Android 6.0; Nexus 5 Build/MRA58N) AppleWebKit/537.36 (KHTML, like Gecko) Chrome/63.0.3239.84 Mobile Safari/537.36"
[2018-01-05T22:25:17.928] [INFO] sunrunExt - url:/api/v1/orgs,method:GET,request by Anonymous User
[2018-01-05T22:25:18.010] [INFO] sunrunExt - ::ffff:192.168.103.184 - - "GET /api/v1/orgs HTTP/1.1" 200 20611 "http://localhost:8080/org" "Mozilla/5.0 (Linux; Android 6.0; Nexus 5 Build/MRA58N) AppleWebKit/537.36 (KHTML, like Gecko) Chrome/63.0.3239.84 Mobile Safari/537.36"
[2018-01-05T22:25:30.327] [INFO] sunrunExt - url:/api/v1/orgs,method:GET,request by Anonymous User
[2018-01-05T22:25:30.392] [INFO] sunrunExt - ::ffff:192.168.103.184 - - "GET /api/v1/orgs HTTP/1.1" 304 - "http://localhost:8080/org" "Mozilla/5.0 (Windows NT 10.0; Win64; x64) AppleWebKit/537.36 (KHTML, like Gecko) Chrome/63.0.3239.84 Safari/537.36"
[2018-01-05T22:26:40.682] [INFO] sunrunExt - url:/api/v1/orgs,method:GET,request by Anonymous User
[2018-01-05T22:26:40.762] [INFO] sunrunExt - ::ffff:192.168.103.184 - - "GET /api/v1/orgs HTTP/1.1" 200 20611 "http://localhost:8080/org" "Mozilla/5.0 (Linux; Android 6.0; Nexus 5 Build/MRA58N) AppleWebKit/537.36 (KHTML, like Gecko) Chrome/63.0.3239.84 Mobile Safari/537.36"
[2018-01-05T22:28:28.050] [INFO] sunrunExt - url:/api/v1/orgs,method:GET,request by Anonymous User
[2018-01-05T22:28:28.106] [INFO] sunrunExt - ::ffff:192.168.103.184 - - "GET /api/v1/orgs HTTP/1.1" 304 - "http://localhost:8080/org" "Mozilla/5.0 (Windows NT 10.0; Win64; x64) AppleWebKit/537.36 (KHTML, like Gecko) Chrome/63.0.3239.84 Safari/537.36"
